#
# A fatal error has been detected by the Java Runtime Environment:
#
#  EXCEPTION_ACCESS_VIOLATION (0xc0000005) at pc=0x00007ff80868e7c5, pid=7456, tid=13608
#
# JRE version: OpenJDK Runtime Environment (15.0+36) (build 15+36-1562)
# Java VM: OpenJDK 64-Bit Server VM (15+36-1562, mixed mode, sharing, tiered, compressed oops, g1 gc, windows-amd64)
# Problematic frame:
# V  [jvm.dll+0x5ce7c5]
#
# No core dump will be written. Minidumps are not enabled by default on client versions of Windows
#
# If you would like to submit a bug report, please visit:
#   https://bugreport.java.com/bugreport/crash.jsp
#

---------------  S U M M A R Y ------------

Command Line: -XX:+ShowCodeDetailsInExceptionMessages -agentlib:jdwp=transport=dt_socket,suspend=y,address=localhost:50214 -javaagent:C:\a01_javaexp\eclipse\configuration\org.eclipse.osgi\407\0\.cp\lib\javaagent-shaded.jar -Dfile.encoding=UTF-8 javaexp.a01_begin.A01_Start

Host: Intel(R) Core(TM) i7-8700 CPU @ 3.20GHz, 12 cores, 15G,  Windows 10 , 64 bit Build 17134 (10.0.17134.753)
Time: Tue Aug 30 10:31:42 2022 ¢¥eCN©öI¡¾©ö C¡ÍA¨ª¨öA elapsed time: 69463.276661 seconds (0d 19h 17m 43s)

---------------  T H R E A D  ---------------

Current thread (0x000002c8f771e770):  VMThread "VM Thread" [stack: 0x000000d3c6e00000,0x000000d3c6f00000] [id=13608]

Stack: [0x000000d3c6e00000,0x000000d3c6f00000],  sp=0x000000d3c6eff158,  free space=1020k
Native frames: (J=compiled Java code, j=interpreted, Vv=VM code, C=native code)
V  [jvm.dll+0x5ce7c5]


siginfo: EXCEPTION_ACCESS_VIOLATION (0xc0000005), reading address 0xffffffffffffffff


Register to memory mapping:

RIP=0x00007ff80868e7c5 jvm.dll
RAX=0x00007ff808981cca jvm.dll
RBX=0x0 is NULL
RCX=0x000002c8f7b686c0 is pointing into metadata
RDX=0x000002c8d3bc1601 points into unknown readable memory: 1f 9a 08 f8 7f 00 00
RSP=0x000000d3c6eff158 points into unknown readable memory: 0x00007ff8087fe76a | 6a e7 7f 08 f8 7f 00 00
RBP=0x00007ff80868e7c0 jvm.dll
RSI=0x000002c8d3bc1600 is a thread
RDI=0x0 is NULL
R8 =0x000002c8d1ac0f01 points into unknown readable memory: 00 00 00 00 00 00 00
R9 =0x000355a75d923263 is an unknown value
R10=0x0 is NULL
R11=0x000000d3c6eff228 points into unknown readable memory: 0x00007ff8085b43ee | ee 43 5b 08 f8 7f 00 00
R12=0x00007ff808907ea0 jvm.dll
R13=0x00007ff808b86130 jvm.dll
R14=0x000002c8f7719098 points into unknown readable memory: 0x10203fd6087cbdbc | bc bd 7c 08 d6 3f 20 10
R15=0x00000000000003d8 is an unknown value


Registers:
RAX=0x00007ff808981cca, RBX=0x0000000000000000, RCX=0x000002c8f7b686c0, RDX=0x000002c8d3bc1601
RSP=0x000000d3c6eff158, RBP=0x00007ff80868e7c0, RSI=0x000002c8d3bc1600, RDI=0x0000000000000000
R8 =0x000002c8d1ac0f01, R9 =0x000355a75d923263, R10=0x0000000000000000, R11=0x000000d3c6eff228
R12=0x00007ff808907ea0, R13=0x00007ff808b86130, R14=0x000002c8f7719098, R15=0x00000000000003d8
RIP=0x00007ff80868e7c5, EFLAGS=0x0000000000010202

Top of Stack: (sp=0x000000d3c6eff158)
0x000000d3c6eff158:   00007ff8087fe76a 0000000000000000
0x000000d3c6eff168:   0000000000000000 0000000000000000
0x000000d3c6eff178:   0000000000000000 000002c8f8090770
0x000000d3c6eff188:   00007ff80880467b 000002c8f8090700
0x000000d3c6eff198:   000000d3c6eff1e0 000002c8f7718cc0
0x000000d3c6eff1a8:   00007ff80886c66c 000000d3c6eff2e0
0x000000d3c6eff1b8:   00007ff808800ecf 0000000000000001
0x000000d3c6eff1c8:   0000000000000001 000000000000000e
0x000000d3c6eff1d8:   000002c8d3bde170 00007ff8089a31d0
0x000000d3c6eff1e8:   00007ff80868e7c0 000002c8f7718cb0
0x000000d3c6eff1f8:   00007ff80868e665 0000000000000000
0x000000d3c6eff208:   000002c8d3bbd0d0 000002c8f771e770
0x000000d3c6eff218:   000002c8d3bbd0d0 000002c8f7718cb0
0x000000d3c6eff228:   00007ff8085b43ee 0000012c9efddcda
0x000000d3c6eff238:   000000d3c79ff8e0 000002c8f771e770
0x000000d3c6eff248:   000002c8f7718cc0 000000d3c79ffa80 

Instructions: (pc=0x00007ff80868e7c5)
0x00007ff80868e6c5:   cc cc cc cc cc cc cc cc cc cc cc 48 89 5c 24 18
0x00007ff80868e6d5:   55 48 83 ec 20 48 8b 1d ef 66 4c 00 48 85 db 74
0x00007ff80868e6e5:   17 48 8b 05 d3 66 4c 00 48 89 83 08 02 00 00 48
0x00007ff80868e6f5:   89 1d c5 66 4c 00 eb 07 48 8b 1d bc 66 4c 00 33
0x00007ff80868e705:   ed 48 89 2d c3 66 4c 00 48 85 db 74 7e 48 89 74
0x00007ff80868e715:   24 30 48 89 7c 24 38 0f 1f 40 00 48 8b b3 00 02
0x00007ff80868e725:   00 00 48 8b fd 48 2b f3 48 c1 ee 03 48 85 f6 74
0x00007ff80868e735:   1e 66 66 0f 1f 84 00 00 00 00 00 48 8b 0c fb 33
0x00007ff80868e745:   d2 48 8b 01 ff 50 68 48 ff c7 48 3b fe 72 ec 48
0x00007ff80868e755:   8b 8b 08 02 00 00 48 89 ab 08 02 00 00 48 89 9b
0x00007ff80868e765:   00 02 00 00 48 8b 05 58 66 4c 00 48 89 83 10 02
0x00007ff80868e775:   00 00 48 89 1d 4a 66 4c 00 48 8b d9 48 85 c9 75
0x00007ff80868e785:   9a 48 8b 7c 24 38 48 8b 74 24 30 48 8b 5c 24 40
0x00007ff80868e795:   48 89 2d 24 66 4c 00 48 83 c4 20 5d c3 cc cc cc
0x00007ff80868e7a5:   cc cc cc cc cc cc cc cc cc cc cc 48 8b 02 48 8b
0x00007ff80868e7b5:   ca b2 01 48 ff 60 68 cc cc cc cc 48 8b 01 b2 01
0x00007ff80868e7c5:   48 ff 60 68 cc cc cc cc cc cc cc 40 53 48 83 ec
0x00007ff80868e7d5:   20 48 8b 15 f3 65 4c 00 48 8b d9 48 85 d2 74 21
0x00007ff80868e7e5:   48 8d 82 00 02 00 00 48 39 00 75 72 48 8b 05 c8
0x00007ff80868e7f5:   65 4c 00 48 89 82 08 02 00 00 48 89 15 ba 65 4c
0x00007ff80868e805:   00 48 8b 15 bb 65 4c 00 48 85 d2 74 10 48 8b 82
0x00007ff80868e815:   10 02 00 00 48 89 05 a8 65 4c 00 eb 3a 45 33 c0
0x00007ff80868e825:   b9 18 02 00 00 41 8d 50 08 e8 ad 01 ac ff 48 8b
0x00007ff80868e835:   d0 48 85 c0 74 1f 48 89 80 00 02 00 00 48 c7 80
0x00007ff80868e845:   08 02 00 00 00 00 00 00 48 c7 80 10 02 00 00 00
0x00007ff80868e855:   00 00 00 eb 02 33 d2 48 89 15 6d 65 4c 00 48 8b
0x00007ff80868e865:   82 00 02 00 00 48 89 18 48 83 82 00 02 00 00 08
0x00007ff80868e875:   48 83 c4 20 5b c3 cc cc cc cc cc 48 89 4c 24 08
0x00007ff80868e885:   48 89 54 24 10 4c 89 44 24 18 4c 89 4c 24 20 48
0x00007ff80868e895:   83 ec 28 4c 8b c1 4c 8d 4c 24 38 48 8d 0d c9 14
0x00007ff80868e8a5:   4b 00 ba 01 00 00 00 e8 df e4 f5 ff 48 83 c4 28
0x00007ff80868e8b5:   c3 cc cc cc cc cc cc cc cc cc cc 48 89 5c 24 08 


Stack slot to memory mapping:
stack at sp + 0 slots: 0x00007ff8087fe76a jvm.dll
stack at sp + 1 slots: 0x0 is NULL
stack at sp + 2 slots: 0x0 is NULL
stack at sp + 3 slots: 0x0 is NULL
stack at sp + 4 slots: 0x0 is NULL
stack at sp + 5 slots: 0x000002c8f8090770 points into unknown readable memory: 0x0000000000000000 | 00 00 00 00 00 00 00 00
stack at sp + 6 slots: 0x00007ff80880467b jvm.dll
stack at sp + 7 slots: 0x000002c8f8090700 points into unknown readable memory: 0x000002c8d3bc1600 | 00 16 bc d3 c8 02 00 00

VM_Operation (0x000000d3c79ff8e0): RedefineClasses, mode: safepoint, requested by thread 0x000002c8f8216c60


---------------  P R O C E S S  ---------------

Threads class SMR info:
_java_thread_list=0x000002c8f82695a0, length=14, elements={
0x000002c8d3bc1600, 0x000002c8f7f29c80, 0x000002c8f7f2a540, 0x000002c8f7f49710,
0x000002c8f7f49fd0, 0x000002c8f7f4b8a0, 0x000002c8f7f4d4a0, 0x000002c8f7f512a0,
0x000002c8f7f59fa0, 0x000002c8f804e040, 0x000002c8f8216c60, 0x000002c8f8221f10,
0x000002c8f82345e0, 0x000002c8f82a5a30
}

Java Threads: ( => current thread )
  0x000002c8d3bc1600 JavaThread "main" [_thread_blocked, id=16000, stack(0x000000d3c6800000,0x000000d3c6900000)]
  0x000002c8f7f29c80 JavaThread "Reference Handler" daemon [_thread_blocked, id=16268, stack(0x000000d3c6f00000,0x000000d3c7000000)]
  0x000002c8f7f2a540 JavaThread "Finalizer" daemon [_thread_blocked, id=14968, stack(0x000000d3c7000000,0x000000d3c7100000)]
  0x000002c8f7f49710 JavaThread "Signal Dispatcher" daemon [_thread_blocked, id=15400, stack(0x000000d3c7100000,0x000000d3c7200000)]
  0x000002c8f7f49fd0 JavaThread "Attach Listener" daemon [_thread_blocked, id=1368, stack(0x000000d3c7200000,0x000000d3c7300000)]
  0x000002c8f7f4b8a0 JavaThread "Service Thread" daemon [_thread_blocked, id=15132, stack(0x000000d3c7300000,0x000000d3c7400000)]
  0x000002c8f7f4d4a0 JavaThread "C2 CompilerThread0" daemon [_thread_blocked, id=14668, stack(0x000000d3c7400000,0x000000d3c7500000)]
  0x000002c8f7f512a0 JavaThread "C1 CompilerThread0" daemon [_thread_blocked, id=7576, stack(0x000000d3c7500000,0x000000d3c7600000)]
  0x000002c8f7f59fa0 JavaThread "Sweeper thread" daemon [_thread_blocked, id=8404, stack(0x000000d3c7600000,0x000000d3c7700000)]
  0x000002c8f804e040 JavaThread "Common-Cleaner" daemon [_thread_blocked, id=15980, stack(0x000000d3c7700000,0x000000d3c7800000)]
  0x000002c8f8216c60 JavaThread "JDWP Transport Listener: dt_socket" daemon [_thread_blocked, id=14300, stack(0x000000d3c7900000,0x000000d3c7a00000)]
  0x000002c8f8221f10 JavaThread "JDWP Event Helper Thread" daemon [_thread_blocked, id=6700, stack(0x000000d3c7a00000,0x000000d3c7b00000)]
  0x000002c8f82345e0 JavaThread "JDWP Command Reader" daemon [_thread_in_native, id=15228, stack(0x000000d3c7b00000,0x000000d3c7c00000)]
  0x000002c8f82a5a30 JavaThread "Notification Thread" daemon [_thread_blocked, id=13800, stack(0x000000d3c7c00000,0x000000d3c7d00000)]

Other Threads:
=>0x000002c8f771e770 VMThread "VM Thread" [stack: 0x000000d3c6e00000,0x000000d3c6f00000] [id=13608]
  0x000002c8d3bc2630 WatcherThread [stack: 0x000000d3c7d00000,0x000000d3c7e00000] [id=10348]
  0x000002c8d3c12320 GCTaskThread "GC Thread#0" [stack: 0x000000d3c6900000,0x000000d3c6a00000] [id=5244]
  0x000002c8d3c23f10 ConcurrentGCThread "G1 Main Marker" [stack: 0x000000d3c6a00000,0x000000d3c6b00000] [id=9224]
  0x000002c8d3c24a80 ConcurrentGCThread "G1 Conc#0" [stack: 0x000000d3c6b00000,0x000000d3c6c00000] [id=13216]
  0x000002c8f75a24d0 ConcurrentGCThread "G1 Refine#0" [stack: 0x000000d3c6c00000,0x000000d3c6d00000] [id=1472]
  0x000002c8f75a3c30 ConcurrentGCThread "G1 Young RemSet Sampling" [stack: 0x000000d3c6d00000,0x000000d3c6e00000] [id=9400]

Threads with active compile tasks:

VM state: at safepoint (normal execution)

VM Mutex/Monitor currently owned by a thread:  ([mutex/lock_event])
[0x000002c8d3bbde50] Threads_lock - owner thread: 0x000002c8f771e770

Heap address: 0x0000000701a00000, size: 4070 MB, Compressed Oops mode: Zero based, Oop shift amount: 3
CDS archive(s) mapped at: [0x0000000800000000-0x0000000800b50000-0x0000000800b50000), size 11862016, SharedBaseAddress: 0x0000000800000000, ArchiveRelocationMode: 0.
Compressed class space mapped at: 0x0000000800b50000-0x0000000840b50000, size: 1073741824
Narrow klass base: 0x0000000800000000, Narrow klass shift: 3, Narrow klass range: 0x100000000

GC Precious Log:
 CPUs: 12 total, 12 available
 Memory: 16278M
 Large Page Support: Disabled
 NUMA Support: Disabled
 Compressed Oops: Enabled (Zero based)
 Heap Region Size: 2M
 Heap Min Capacity: 8M
 Heap Initial Capacity: 256M
 Heap Max Capacity: 4070M
 Pre-touch: Disabled
 Parallel Workers: 10
 Concurrent Workers: 3
 Concurrent Refinement Workers: 10
 Periodic GC: Disabled

Heap:
 garbage-first heap   total 262144K, used 4096K [0x0000000701a00000, 0x0000000800000000)
  region size 2048K, 3 young (6144K), 0 survivors (0K)
 Metaspace       used 2750K, capacity 4806K, committed 5120K, reserved 1056768K
  class space    used 252K, capacity 429K, committed 512K, reserved 1048576K

Heap Regions: E=young(eden), S=young(survivor), O=old, HS=humongous(starts), HC=humongous(continues), CS=collection set, F=free, OA=open archive, CA=closed archive, TAMS=top-at-mark-start (previous, next)
|   0|0x0000000701a00000, 0x0000000701a00000, 0x0000000701c00000|  0%| F|  |TAMS 0x0000000701a00000, 0x0000000701a00000| Untracked 
|   1|0x0000000701c00000, 0x0000000701c00000, 0x0000000701e00000|  0%| F|  |TAMS 0x0000000701c00000, 0x0000000701c00000| Untracked 
|   2|0x0000000701e00000, 0x0000000701e00000, 0x0000000702000000|  0%| F|  |TAMS 0x0000000701e00000, 0x0000000701e00000| Untracked 
|   3|0x0000000702000000, 0x0000000702000000, 0x0000000702200000|  0%| F|  |TAMS 0x0000000702000000, 0x0000000702000000| Untracked 
|   4|0x0000000702200000, 0x0000000702200000, 0x0000000702400000|  0%| F|  |TAMS 0x0000000702200000, 0x0000000702200000| Untracked 
|   5|0x0000000702400000, 0x0000000702400000, 0x0000000702600000|  0%| F|  |TAMS 0x0000000702400000, 0x0000000702400000| Untracked 
|   6|0x0000000702600000, 0x0000000702600000, 0x0000000702800000|  0%| F|  |TAMS 0x0000000702600000, 0x0000000702600000| Untracked 
|   7|0x0000000702800000, 0x0000000702800000, 0x0000000702a00000|  0%| F|  |TAMS 0x0000000702800000, 0x0000000702800000| Untracked 
|   8|0x0000000702a00000, 0x0000000702a00000, 0x0000000702c00000|  0%| F|  |TAMS 0x0000000702a00000, 0x0000000702a00000| Untracked 
|   9|0x0000000702c00000, 0x0000000702c00000, 0x0000000702e00000|  0%| F|  |TAMS 0x0000000702c00000, 0x0000000702c00000| Untracked 
|  10|0x0000000702e00000, 0x0000000702e00000, 0x0000000703000000|  0%| F|  |TAMS 0x0000000702e00000, 0x0000000702e00000| Untracked 
|  11|0x0000000703000000, 0x0000000703000000, 0x0000000703200000|  0%| F|  |TAMS 0x0000000703000000, 0x0000000703000000| Untracked 
|  12|0x0000000703200000, 0x0000000703200000, 0x0000000703400000|  0%| F|  |TAMS 0x0000000703200000, 0x0000000703200000| Untracked 
|  13|0x0000000703400000, 0x0000000703400000, 0x0000000703600000|  0%| F|  |TAMS 0x0000000703400000, 0x0000000703400000| Untracked 
|  14|0x0000000703600000, 0x0000000703600000, 0x0000000703800000|  0%| F|  |TAMS 0x0000000703600000, 0x0000000703600000| Untracked 
|  15|0x0000000703800000, 0x0000000703800000, 0x0000000703a00000|  0%| F|  |TAMS 0x0000000703800000, 0x0000000703800000| Untracked 
|  16|0x0000000703a00000, 0x0000000703a00000, 0x0000000703c00000|  0%| F|  |TAMS 0x0000000703a00000, 0x0000000703a00000| Untracked 
|  17|0x0000000703c00000, 0x0000000703c00000, 0x0000000703e00000|  0%| F|  |TAMS 0x0000000703c00000, 0x0000000703c00000| Untracked 
|  18|0x0000000703e00000, 0x0000000703e00000, 0x0000000704000000|  0%| F|  |TAMS 0x0000000703e00000, 0x0000000703e00000| Untracked 
|  19|0x0000000704000000, 0x0000000704000000, 0x0000000704200000|  0%| F|  |TAMS 0x0000000704000000, 0x0000000704000000| Untracked 
|  20|0x0000000704200000, 0x0000000704200000, 0x0000000704400000|  0%| F|  |TAMS 0x0000000704200000, 0x0000000704200000| Untracked 
|  21|0x0000000704400000, 0x0000000704400000, 0x0000000704600000|  0%| F|  |TAMS 0x0000000704400000, 0x0000000704400000| Untracked 
|  22|0x0000000704600000, 0x0000000704600000, 0x0000000704800000|  0%| F|  |TAMS 0x0000000704600000, 0x0000000704600000| Untracked 
|  23|0x0000000704800000, 0x0000000704800000, 0x0000000704a00000|  0%| F|  |TAMS 0x0000000704800000, 0x0000000704800000| Untracked 
|  24|0x0000000704a00000, 0x0000000704a00000, 0x0000000704c00000|  0%| F|  |TAMS 0x0000000704a00000, 0x0000000704a00000| Untracked 
|  25|0x0000000704c00000, 0x0000000704c00000, 0x0000000704e00000|  0%| F|  |TAMS 0x0000000704c00000, 0x0000000704c00000| Untracked 
|  26|0x0000000704e00000, 0x0000000704e00000, 0x0000000705000000|  0%| F|  |TAMS 0x0000000704e00000, 0x0000000704e00000| Untracked 
|  27|0x0000000705000000, 0x0000000705000000, 0x0000000705200000|  0%| F|  |TAMS 0x0000000705000000, 0x0000000705000000| Untracked 
|  28|0x0000000705200000, 0x0000000705200000, 0x0000000705400000|  0%| F|  |TAMS 0x0000000705200000, 0x0000000705200000| Untracked 
|  29|0x0000000705400000, 0x0000000705400000, 0x0000000705600000|  0%| F|  |TAMS 0x0000000705400000, 0x0000000705400000| Untracked 
|  30|0x0000000705600000, 0x0000000705600000, 0x0000000705800000|  0%| F|  |TAMS 0x0000000705600000, 0x0000000705600000| Untracked 
|  31|0x0000000705800000, 0x0000000705800000, 0x0000000705a00000|  0%| F|  |TAMS 0x0000000705800000, 0x0000000705800000| Untracked 
|  32|0x0000000705a00000, 0x0000000705a00000, 0x0000000705c00000|  0%| F|  |TAMS 0x0000000705a00000, 0x0000000705a00000| Untracked 
|  33|0x0000000705c00000, 0x0000000705c00000, 0x0000000705e00000|  0%| F|  |TAMS 0x0000000705c00000, 0x0000000705c00000| Untracked 
|  34|0x0000000705e00000, 0x0000000705e00000, 0x0000000706000000|  0%| F|  |TAMS 0x0000000705e00000, 0x0000000705e00000| Untracked 
|  35|0x0000000706000000, 0x0000000706000000, 0x0000000706200000|  0%| F|  |TAMS 0x0000000706000000, 0x0000000706000000| Untracked 
|  36|0x0000000706200000, 0x0000000706200000, 0x0000000706400000|  0%| F|  |TAMS 0x0000000706200000, 0x0000000706200000| Untracked 
|  37|0x0000000706400000, 0x0000000706400000, 0x0000000706600000|  0%| F|  |TAMS 0x0000000706400000, 0x0000000706400000| Untracked 
|  38|0x0000000706600000, 0x0000000706600000, 0x0000000706800000|  0%| F|  |TAMS 0x0000000706600000, 0x0000000706600000| Untracked 
|  39|0x0000000706800000, 0x0000000706800000, 0x0000000706a00000|  0%| F|  |TAMS 0x0000000706800000, 0x0000000706800000| Untracked 
|  40|0x0000000706a00000, 0x0000000706a00000, 0x0000000706c00000|  0%| F|  |TAMS 0x0000000706a00000, 0x0000000706a00000| Untracked 
|  41|0x0000000706c00000, 0x0000000706c00000, 0x0000000706e00000|  0%| F|  |TAMS 0x0000000706c00000, 0x0000000706c00000| Untracked 
|  42|0x0000000706e00000, 0x0000000706e00000, 0x0000000707000000|  0%| F|  |TAMS 0x0000000706e00000, 0x0000000706e00000| Untracked 
|  43|0x0000000707000000, 0x0000000707000000, 0x0000000707200000|  0%| F|  |TAMS 0x0000000707000000, 0x0000000707000000| Untracked 
|  44|0x0000000707200000, 0x0000000707200000, 0x0000000707400000|  0%| F|  |TAMS 0x0000000707200000, 0x0000000707200000| Untracked 
|  45|0x0000000707400000, 0x0000000707400000, 0x0000000707600000|  0%| F|  |TAMS 0x0000000707400000, 0x0000000707400000| Untracked 
|  46|0x0000000707600000, 0x0000000707600000, 0x0000000707800000|  0%| F|  |TAMS 0x0000000707600000, 0x0000000707600000| Untracked 
|  47|0x0000000707800000, 0x0000000707800000, 0x0000000707a00000|  0%| F|  |TAMS 0x0000000707800000, 0x0000000707800000| Untracked 
|  48|0x0000000707a00000, 0x0000000707a00000, 0x0000000707c00000|  0%| F|  |TAMS 0x0000000707a00000, 0x0000000707a00000| Untracked 
|  49|0x0000000707c00000, 0x0000000707c00000, 0x0000000707e00000|  0%| F|  |TAMS 0x0000000707c00000, 0x0000000707c00000| Untracked 
|  50|0x0000000707e00000, 0x0000000707e00000, 0x0000000708000000|  0%| F|  |TAMS 0x0000000707e00000, 0x0000000707e00000| Untracked 
|  51|0x0000000708000000, 0x0000000708000000, 0x0000000708200000|  0%| F|  |TAMS 0x0000000708000000, 0x0000000708000000| Untracked 
|  52|0x0000000708200000, 0x0000000708200000, 0x0000000708400000|  0%| F|  |TAMS 0x0000000708200000, 0x0000000708200000| Untracked 
|  53|0x0000000708400000, 0x0000000708400000, 0x0000000708600000|  0%| F|  |TAMS 0x0000000708400000, 0x0000000708400000| Untracked 
|  54|0x0000000708600000, 0x0000000708600000, 0x0000000708800000|  0%| F|  |TAMS 0x0000000708600000, 0x0000000708600000| Untracked 
|  55|0x0000000708800000, 0x0000000708800000, 0x0000000708a00000|  0%| F|  |TAMS 0x0000000708800000, 0x0000000708800000| Untracked 
|  56|0x0000000708a00000, 0x0000000708a00000, 0x0000000708c00000|  0%| F|  |TAMS 0x0000000708a00000, 0x0000000708a00000| Untracked 
|  57|0x0000000708c00000, 0x0000000708c00000, 0x0000000708e00000|  0%| F|  |TAMS 0x0000000708c00000, 0x0000000708c00000| Untracked 
|  58|0x0000000708e00000, 0x0000000708e00000, 0x0000000709000000|  0%| F|  |TAMS 0x0000000708e00000, 0x0000000708e00000| Untracked 
|  59|0x0000000709000000, 0x0000000709000000, 0x0000000709200000|  0%| F|  |TAMS 0x0000000709000000, 0x0000000709000000| Untracked 
|  60|0x0000000709200000, 0x0000000709200000, 0x0000000709400000|  0%| F|  |TAMS 0x0000000709200000, 0x0000000709200000| Untracked 
|  61|0x0000000709400000, 0x0000000709400000, 0x0000000709600000|  0%| F|  |TAMS 0x0000000709400000, 0x0000000709400000| Untracked 
|  62|0x0000000709600000, 0x0000000709600000, 0x0000000709800000|  0%| F|  |TAMS 0x0000000709600000, 0x0000000709600000| Untracked 
|  63|0x0000000709800000, 0x0000000709800000, 0x0000000709a00000|  0%| F|  |TAMS 0x0000000709800000, 0x0000000709800000| Untracked 
|  64|0x0000000709a00000, 0x0000000709a00000, 0x0000000709c00000|  0%| F|  |TAMS 0x0000000709a00000, 0x0000000709a00000| Untracked 
|  65|0x0000000709c00000, 0x0000000709c00000, 0x0000000709e00000|  0%| F|  |TAMS 0x0000000709c00000, 0x0000000709c00000| Untracked 
|  66|0x0000000709e00000, 0x0000000709e00000, 0x000000070a000000|  0%| F|  |TAMS 0x0000000709e00000, 0x0000000709e00000| Untracked 
|  67|0x000000070a000000, 0x000000070a000000, 0x000000070a200000|  0%| F|  |TAMS 0x000000070a000000, 0x000000070a000000| Untracked 
|  68|0x000000070a200000, 0x000000070a200000, 0x000000070a400000|  0%| F|  |TAMS 0x000000070a200000, 0x000000070a200000| Untracked 
|  69|0x000000070a400000, 0x000000070a400000, 0x000000070a600000|  0%| F|  |TAMS 0x000000070a400000, 0x000000070a400000| Untracked 
|  70|0x000000070a600000, 0x000000070a600000, 0x000000070a800000|  0%| F|  |TAMS 0x000000070a600000, 0x000000070a600000| Untracked 
|  71|0x000000070a800000, 0x000000070a800000, 0x000000070aa00000|  0%| F|  |TAMS 0x000000070a800000, 0x000000070a800000| Untracked 
|  72|0x000000070aa00000, 0x000000070aa00000, 0x000000070ac00000|  0%| F|  |TAMS 0x000000070aa00000, 0x000000070aa00000| Untracked 
|  73|0x000000070ac00000, 0x000000070ac00000, 0x000000070ae00000|  0%| F|  |TAMS 0x000000070ac00000, 0x000000070ac00000| Untracked 
|  74|0x000000070ae00000, 0x000000070ae00000, 0x000000070b000000|  0%| F|  |TAMS 0x000000070ae00000, 0x000000070ae00000| Untracked 
|  75|0x000000070b000000, 0x000000070b000000, 0x000000070b200000|  0%| F|  |TAMS 0x000000070b000000, 0x000000070b000000| Untracked 
|  76|0x000000070b200000, 0x000000070b200000, 0x000000070b400000|  0%| F|  |TAMS 0x000000070b200000, 0x000000070b200000| Untracked 
|  77|0x000000070b400000, 0x000000070b400000, 0x000000070b600000|  0%| F|  |TAMS 0x000000070b400000, 0x000000070b400000| Untracked 
|  78|0x000000070b600000, 0x000000070b600000, 0x000000070b800000|  0%| F|  |TAMS 0x000000070b600000, 0x000000070b600000| Untracked 
|  79|0x000000070b800000, 0x000000070b800000, 0x000000070ba00000|  0%| F|  |TAMS 0x000000070b800000, 0x000000070b800000| Untracked 
|  80|0x000000070ba00000, 0x000000070ba00000, 0x000000070bc00000|  0%| F|  |TAMS 0x000000070ba00000, 0x000000070ba00000| Untracked 
|  81|0x000000070bc00000, 0x000000070bc00000, 0x000000070be00000|  0%| F|  |TAMS 0x000000070bc00000, 0x000000070bc00000| Untracked 
|  82|0x000000070be00000, 0x000000070be00000, 0x000000070c000000|  0%| F|  |TAMS 0x000000070be00000, 0x000000070be00000| Untracked 
|  83|0x000000070c000000, 0x000000070c000000, 0x000000070c200000|  0%| F|  |TAMS 0x000000070c000000, 0x000000070c000000| Untracked 
|  84|0x000000070c200000, 0x000000070c200000, 0x000000070c400000|  0%| F|  |TAMS 0x000000070c200000, 0x000000070c200000| Untracked 
|  85|0x000000070c400000, 0x000000070c400000, 0x000000070c600000|  0%| F|  |TAMS 0x000000070c400000, 0x000000070c400000| Untracked 
|  86|0x000000070c600000, 0x000000070c600000, 0x000000070c800000|  0%| F|  |TAMS 0x000000070c600000, 0x000000070c600000| Untracked 
|  87|0x000000070c800000, 0x000000070c800000, 0x000000070ca00000|  0%| F|  |TAMS 0x000000070c800000, 0x000000070c800000| Untracked 
|  88|0x000000070ca00000, 0x000000070ca00000, 0x000000070cc00000|  0%| F|  |TAMS 0x000000070ca00000, 0x000000070ca00000| Untracked 
|  89|0x000000070cc00000, 0x000000070cc00000, 0x000000070ce00000|  0%| F|  |TAMS 0x000000070cc00000, 0x000000070cc00000| Untracked 
|  90|0x000000070ce00000, 0x000000070ce00000, 0x000000070d000000|  0%| F|  |TAMS 0x000000070ce00000, 0x000000070ce00000| Untracked 
|  91|0x000000070d000000, 0x000000070d000000, 0x000000070d200000|  0%| F|  |TAMS 0x000000070d000000, 0x000000070d000000| Untracked 
|  92|0x000000070d200000, 0x000000070d200000, 0x000000070d400000|  0%| F|  |TAMS 0x000000070d200000, 0x000000070d200000| Untracked 
|  93|0x000000070d400000, 0x000000070d400000, 0x000000070d600000|  0%| F|  |TAMS 0x000000070d400000, 0x000000070d400000| Untracked 
|  94|0x000000070d600000, 0x000000070d600000, 0x000000070d800000|  0%| F|  |TAMS 0x000000070d600000, 0x000000070d600000| Untracked 
|  95|0x000000070d800000, 0x000000070d800000, 0x000000070da00000|  0%| F|  |TAMS 0x000000070d800000, 0x000000070d800000| Untracked 
|  96|0x000000070da00000, 0x000000070da00000, 0x000000070dc00000|  0%| F|  |TAMS 0x000000070da00000, 0x000000070da00000| Untracked 
|  97|0x000000070dc00000, 0x000000070dc00000, 0x000000070de00000|  0%| F|  |TAMS 0x000000070dc00000, 0x000000070dc00000| Untracked 
|  98|0x000000070de00000, 0x000000070de00000, 0x000000070e000000|  0%| F|  |TAMS 0x000000070de00000, 0x000000070de00000| Untracked 
|  99|0x000000070e000000, 0x000000070e000000, 0x000000070e200000|  0%| F|  |TAMS 0x000000070e000000, 0x000000070e000000| Untracked 
| 100|0x000000070e200000, 0x000000070e200000, 0x000000070e400000|  0%| F|  |TAMS 0x000000070e200000, 0x000000070e200000| Untracked 
| 101|0x000000070e400000, 0x000000070e400000, 0x000000070e600000|  0%| F|  |TAMS 0x000000070e400000, 0x000000070e400000| Untracked 
| 102|0x000000070e600000, 0x000000070e600000, 0x000000070e800000|  0%| F|  |TAMS 0x000000070e600000, 0x000000070e600000| Untracked 
| 103|0x000000070e800000, 0x000000070e800000, 0x000000070ea00000|  0%| F|  |TAMS 0x000000070e800000, 0x000000070e800000| Untracked 
| 104|0x000000070ea00000, 0x000000070ea00000, 0x000000070ec00000|  0%| F|  |TAMS 0x000000070ea00000, 0x000000070ea00000| Untracked 
| 105|0x000000070ec00000, 0x000000070ec00000, 0x000000070ee00000|  0%| F|  |TAMS 0x000000070ec00000, 0x000000070ec00000| Untracked 
| 106|0x000000070ee00000, 0x000000070ee00000, 0x000000070f000000|  0%| F|  |TAMS 0x000000070ee00000, 0x000000070ee00000| Untracked 
| 107|0x000000070f000000, 0x000000070f000000, 0x000000070f200000|  0%| F|  |TAMS 0x000000070f000000, 0x000000070f000000| Untracked 
| 108|0x000000070f200000, 0x000000070f200000, 0x000000070f400000|  0%| F|  |TAMS 0x000000070f200000, 0x000000070f200000| Untracked 
| 109|0x000000070f400000, 0x000000070f400000, 0x000000070f600000|  0%| F|  |TAMS 0x000000070f400000, 0x000000070f400000| Untracked 
| 110|0x000000070f600000, 0x000000070f600000, 0x000000070f800000|  0%| F|  |TAMS 0x000000070f600000, 0x000000070f600000| Untracked 
| 111|0x000000070f800000, 0x000000070f800000, 0x000000070fa00000|  0%| F|  |TAMS 0x000000070f800000, 0x000000070f800000| Untracked 
| 112|0x000000070fa00000, 0x000000070fa00000, 0x000000070fc00000|  0%| F|  |TAMS 0x000000070fa00000, 0x000000070fa00000| Untracked 
| 113|0x000000070fc00000, 0x000000070fc00000, 0x000000070fe00000|  0%| F|  |TAMS 0x000000070fc00000, 0x000000070fc00000| Untracked 
| 114|0x000000070fe00000, 0x000000070fe00000, 0x0000000710000000|  0%| F|  |TAMS 0x000000070fe00000, 0x000000070fe00000| Untracked 
| 115|0x0000000710000000, 0x0000000710000000, 0x0000000710200000|  0%| F|  |TAMS 0x0000000710000000, 0x0000000710000000| Untracked 
| 116|0x0000000710200000, 0x0000000710200000, 0x0000000710400000|  0%| F|  |TAMS 0x0000000710200000, 0x0000000710200000| Untracked 
| 117|0x0000000710400000, 0x0000000710400000, 0x0000000710600000|  0%| F|  |TAMS 0x0000000710400000, 0x0000000710400000| Untracked 
| 118|0x0000000710600000, 0x0000000710600000, 0x0000000710800000|  0%| F|  |TAMS 0x0000000710600000, 0x0000000710600000| Untracked 
| 119|0x0000000710800000, 0x0000000710800000, 0x0000000710a00000|  0%| F|  |TAMS 0x0000000710800000, 0x0000000710800000| Untracked 
| 120|0x0000000710a00000, 0x0000000710a00000, 0x0000000710c00000|  0%| F|  |TAMS 0x0000000710a00000, 0x0000000710a00000| Untracked 
| 121|0x0000000710c00000, 0x0000000710c00000, 0x0000000710e00000|  0%| F|  |TAMS 0x0000000710c00000, 0x0000000710c00000| Untracked 
| 122|0x0000000710e00000, 0x0000000710e00000, 0x0000000711000000|  0%| F|  |TAMS 0x0000000710e00000, 0x0000000710e00000| Untracked 
| 123|0x0000000711000000, 0x0000000711000000, 0x0000000711200000|  0%| F|  |TAMS 0x0000000711000000, 0x0000000711000000| Untracked 
| 124|0x0000000711200000, 0x0000000711200000, 0x0000000711400000|  0%| F|  |TAMS 0x0000000711200000, 0x0000000711200000| Untracked 
| 125|0x0000000711400000, 0x0000000711569470, 0x0000000711600000| 70%| E|  |TAMS 0x0000000711400000, 0x0000000711400000| Complete 
| 126|0x0000000711600000, 0x0000000711800000, 0x0000000711800000|100%| E|CS|TAMS 0x0000000711600000, 0x0000000711600000| Complete 
| 127|0x0000000711800000, 0x0000000711a00000, 0x0000000711a00000|100%| E|CS|TAMS 0x0000000711800000, 0x0000000711800000| Complete 

Card table byte_map: [0x000002c8ebb40000,0x000002c8ec340000] _byte_map_base: 0x000002c8e8333000

Marking Bits (Prev, Next): (CMBitMap*) 0x000002c8d3c12a90, (CMBitMap*) 0x000002c8d3c12ad0
 Prev Bits: [0x000002c8ecb40000, 0x000002c8f0ad8000)
 Next Bits: [0x000002c8f0ae0000, 0x000002c8f4a78000)

Polling page: 0x000002c8d1bc0000

Metaspace:

Usage:
  Non-class:      4.27 MB capacity,     2.44 MB ( 57%) used,     1.83 MB ( 43%) free+waste,     1.13 KB ( <1%) overhead. 
      Class:    429.00 KB capacity,   252.73 KB ( 59%) used,   175.58 KB ( 41%) free+waste,   704 bytes ( <1%) overhead. 
       Both:      4.69 MB capacity,     2.69 MB ( 57%) used,     2.01 MB ( 43%) free+waste,     1.81 KB ( <1%) overhead. 

Virtual space:
  Non-class space:        8.00 MB reserved,       4.50 MB ( 56%) committed 
      Class space:        1.00 GB reserved,     512.00 KB ( <1%) committed 
             Both:        1.01 GB reserved,       5.00 MB ( <1%) committed 

Chunk freelists:
   Non-Class:  39.00 KB
       Class:  19.00 KB
        Both:  58.00 KB

MaxMetaspaceSize: 17179869184.00 GB
CompressedClassSpaceSize: 1.00 GB

CodeHeap 'non-profiled nmethods': size=120000Kb used=129Kb max_used=129Kb free=119870Kb
 bounds [0x000002c8e38b0000, 0x000002c8e3b20000, 0x000002c8eade0000]
CodeHeap 'profiled nmethods': size=120000Kb used=545Kb max_used=545Kb free=119454Kb
 bounds [0x000002c8dc380000, 0x000002c8dc5f0000, 0x000002c8e38b0000]
CodeHeap 'non-nmethods': size=5760Kb used=1227Kb max_used=1245Kb free=4532Kb
 bounds [0x000002c8dbde0000, 0x000002c8dc050000, 0x000002c8dc380000]
 total_blobs=812 nmethods=423 adapters=302
 compilation: enabled
              stopped_count=0, restarted_count=0
 full_count=0

Compilation events (20 events):
Event: 0.201 Thread 0x000002c8f7f512a0  412       3       sun.security.x509.X509CertImpl::getEncodedInternal (20 bytes)
Event: 0.201 Thread 0x000002c8f7f512a0 nmethod 412 0x000002c8dc404490 code [0x000002c8dc404680, 0x000002c8dc404bd8]
Event: 0.202 Thread 0x000002c8f7f512a0  413       3       java.lang.Character::toLowerCase (9 bytes)
Event: 0.202 Thread 0x000002c8f7f512a0 nmethod 413 0x000002c8dc404d90 code [0x000002c8dc404f40, 0x000002c8dc405118]
Event: 0.203 Thread 0x000002c8f7f512a0  414       3       java.lang.String::hashCode (60 bytes)
Event: 0.203 Thread 0x000002c8f7f512a0 nmethod 414 0x000002c8dc405210 code [0x000002c8dc4053e0, 0x000002c8dc405738]
Event: 7380.123 Thread 0x000002c8f7f512a0  416       3       java.lang.ref.ReferenceQueue::reallyPoll (65 bytes)
Event: 7380.129 Thread 0x000002c8f7f512a0 nmethod 416 0x000002c8dc405810 code [0x000002c8dc4059e0, 0x000002c8dc405f18]
Event: 15240.206 Thread 0x000002c8f7f512a0  419   !   3       java.lang.ref.ReferenceQueue::remove (125 bytes)
Event: 15240.207 Thread 0x000002c8f7f512a0 nmethod 419 0x000002c8dc406010 code [0x000002c8dc406240, 0x000002c8dc406a58]
Event: 15300.207 Thread 0x000002c8f7f512a0  420   !   3       jdk.internal.ref.PhantomCleanable::isListEmpty (34 bytes)
Event: 15300.208 Thread 0x000002c8f7f512a0 nmethod 420 0x000002c8dc406e10 code [0x000002c8dc406fc0, 0x000002c8dc407218]
Event: 15300.208 Thread 0x000002c8f7f512a0  421       3       jdk.internal.misc.InnocuousThread::eraseThreadLocals (23 bytes)
Event: 15300.208 Thread 0x000002c8f7f512a0 nmethod 421 0x000002c8dc407390 code [0x000002c8dc407520, 0x000002c8dc407718]
Event: 69365.735 Thread 0x000002c8f7f512a0  422       3       org.eclipse.jdt.launching.internal.org.objectweb.asm.ClassReader::readUnsignedShort (26 bytes)
Event: 69365.735 Thread 0x000002c8f7f512a0 nmethod 422 0x000002c8dc407790 code [0x000002c8dc407920, 0x000002c8dc407a98]
Event: 69463.176 Thread 0x000002c8f7f512a0  423       3       java.lang.String::<init> (74 bytes)
Event: 69463.177 Thread 0x000002c8f7f512a0 nmethod 423 0x000002c8dc407b90 code [0x000002c8dc407d60, 0x000002c8dc408158]
Event: 69463.177 Thread 0x000002c8f7f512a0  424       3       java.lang.StringUTF16::compress (20 bytes)
Event: 69463.177 Thread 0x000002c8f7f512a0 nmethod 424 0x000002c8dc408290 code [0x000002c8dc408440, 0x000002c8dc408668]

GC Heap History (0 events):
No events

Deoptimization events (20 events):
Event: 0.192 Thread 0x000002c8d3bc1600 DEOPT PACKING pc=0x000002c8dc3f036d sp=0x000000d3c68f82c0
Event: 0.192 Thread 0x000002c8d3bc1600 DEOPT UNPACKING pc=0x000002c8dbe2e23f sp=0x000000d3c68f7788 mode 0
Event: 0.193 Thread 0x000002c8d3bc1600 DEOPT PACKING pc=0x000002c8dc3f036d sp=0x000000d3c68f82c0
Event: 0.193 Thread 0x000002c8d3bc1600 DEOPT UNPACKING pc=0x000002c8dbe2e23f sp=0x000000d3c68f7788 mode 0
Event: 0.193 Thread 0x000002c8d3bc1600 DEOPT PACKING pc=0x000002c8dc3f036d sp=0x000000d3c68f82c0
Event: 0.193 Thread 0x000002c8d3bc1600 DEOPT UNPACKING pc=0x000002c8dbe2e23f sp=0x000000d3c68f7788 mode 0
Event: 0.193 Thread 0x000002c8d3bc1600 DEOPT PACKING pc=0x000002c8dc3f036d sp=0x000000d3c68f82c0
Event: 0.193 Thread 0x000002c8d3bc1600 DEOPT UNPACKING pc=0x000002c8dbe2e23f sp=0x000000d3c68f7788 mode 0
Event: 0.195 Thread 0x000002c8d3bc1600 DEOPT PACKING pc=0x000002c8dc3f036d sp=0x000000d3c68fbda0
Event: 0.195 Thread 0x000002c8d3bc1600 DEOPT UNPACKING pc=0x000002c8dbe2e23f sp=0x000000d3c68fb268 mode 0
Event: 0.195 Thread 0x000002c8d3bc1600 DEOPT PACKING pc=0x000002c8dc3f036d sp=0x000000d3c68fbda0
Event: 0.195 Thread 0x000002c8d3bc1600 DEOPT UNPACKING pc=0x000002c8dbe2e23f sp=0x000000d3c68fb268 mode 0
Event: 0.195 Thread 0x000002c8d3bc1600 DEOPT PACKING pc=0x000002c8dc3f036d sp=0x000000d3c68fbda0
Event: 0.195 Thread 0x000002c8d3bc1600 DEOPT UNPACKING pc=0x000002c8dbe2e23f sp=0x000000d3c68fb268 mode 0
Event: 0.196 Thread 0x000002c8d3bc1600 DEOPT PACKING pc=0x000002c8dc3f036d sp=0x000000d3c68f8240
Event: 0.196 Thread 0x000002c8d3bc1600 DEOPT UNPACKING pc=0x000002c8dbe2e23f sp=0x000000d3c68f7708 mode 0
Event: 0.198 Thread 0x000002c8d3bc1600 Uncommon trap: trap_request=0xffffff45 fr.pc=0x000002c8e38b80e0 relative=0x0000000000000240
Event: 0.198 Thread 0x000002c8d3bc1600 Uncommon trap: reason=unstable_if action=reinterpret pc=0x000002c8e38b80e0 method=java.lang.String.isLatin1()Z @ 10 c2
Event: 0.198 Thread 0x000002c8d3bc1600 DEOPT PACKING pc=0x000002c8e38b80e0 sp=0x000000d3c68fcd60
Event: 0.198 Thread 0x000002c8d3bc1600 DEOPT UNPACKING pc=0x000002c8dbe2e42f sp=0x000000d3c68fcc98 mode 2

Classes unloaded (0 events):
No events

Classes redefined (2 events):
Event: 42.334 Thread 0x000002c8f771e770 redefined class name=javaexp.a01_begin.A01_Start, count=1
Event: 69365.739 Thread 0x000002c8f771e770 redefined class name=javaexp.a01_begin.A01_Start, count=2

Internal exceptions (3 events):
Event: 0.128 Thread 0x000002c8d3bc1600 Exception <a 'java/lang/NoSuchMethodError'{0x00000007116447a0}: 'void java.lang.invoke.DirectMethodHandle$Holder.invokeStatic(java.lang.Object, java.lang.Object)'> (0x00000007116447a0) 
thrown [./open/src/hotspot/share/interpreter/linkResolver.cpp, line 782]
Event: 0.128 Thread 0x000002c8d3bc1600 Exception <a 'java/lang/NoSuchMethodError'{0x0000000711648448}: 'void java.lang.invoke.DirectMethodHandle$Holder.invokeStaticInit(java.lang.Object, java.lang.Object)'> (0x0000000711648448) 
thrown [./open/src/hotspot/share/interpreter/linkResolver.cpp, line 782]
Event: 0.178 Thread 0x000002c8d3bc1600 Exception <a 'java/lang/NoSuchMethodError'{0x00000007117e2850}: 'java.lang.Object java.lang.invoke.DirectMethodHandle$Holder.invokeStatic(java.lang.Object)'> (0x00000007117e2850) 
thrown [./open/src/hotspot/share/interpreter/linkResolver.cpp, line 782]

Events (20 events):
Event: 7260.121 Loaded shared library C:\a01_javaexp\jdk-15\bin\java.dll
Event: 69365.736 Executing VM operation: RedefineClasses
Event: 69365.742 Executing VM operation: RedefineClasses done
Event: 69365.747 Executing VM operation: ChangeBreakpoints
Event: 69365.747 Executing VM operation: ChangeBreakpoints done
Event: 69365.751 Executing VM operation: ChangeBreakpoints
Event: 69365.751 Executing VM operation: ChangeBreakpoints done
Event: 69365.752 Executing VM operation: GetFrameCount
Event: 69365.752 Executing VM operation: GetFrameCount done
Event: 69365.752 Executing VM operation: GetStackTrace
Event: 69365.752 Executing VM operation: GetStackTrace done
Event: 69365.986 Executing VM operation: GetFrameCount
Event: 69365.986 Executing VM operation: GetFrameCount done
Event: 69376.775 Executing VM operation: ChangeBreakpoints
Event: 69376.775 Executing VM operation: ChangeBreakpoints done
Event: 69379.700 Executing VM operation: ChangeBreakpoints
Event: 69379.700 Executing VM operation: ChangeBreakpoints done
Event: 69399.477 Executing VM operation: GetFrameCount
Event: 69399.477 Executing VM operation: GetFrameCount done
Event: 69463.183 Executing VM operation: RedefineClasses


Dynamic libraries:
0x00007ff6ada50000 - 0x00007ff6ada5d000 	C:\a01_javaexp\jdk-15\bin\javaw.exe
0x00007ff87b400000 - 0x00007ff87b5e1000 	C:\Windows\SYSTEM32\ntdll.dll
0x00007ff87a570000 - 0x00007ff87a621000 	C:\Windows\System32\KERNEL32.DLL
0x00007ff877ac0000 - 0x00007ff877d33000 	C:\Windows\System32\KERNELBASE.dll
0x00007ff878780000 - 0x00007ff878878000 	C:\Windows\System32\ucrtbase.dll
0x00007ff871bb0000 - 0x00007ff871bc8000 	C:\a01_javaexp\jdk-15\bin\jli.dll
0x00007ff871bd0000 - 0x00007ff871be9000 	C:\a01_javaexp\jdk-15\bin\VCRUNTIME140.dll
0x00007ff87a3b0000 - 0x00007ff87a540000 	C:\Windows\System32\USER32.dll
0x00007ff8786e0000 - 0x00007ff878700000 	C:\Windows\System32\win32u.dll
0x00007ff878880000 - 0x00007ff8788a8000 	C:\Windows\System32\GDI32.dll
0x00007ff8778c0000 - 0x00007ff877a51000 	C:\Windows\System32\gdi32full.dll
0x00007ff85d950000 - 0x00007ff85dbb9000 	C:\Windows\WinSxS\amd64_microsoft.windows.common-controls_6595b64144ccf1df_6.0.17134.1304_none_d3fbe61b7c93d9f0\COMCTL32.dll
0x00007ff877d40000 - 0x00007ff877ddf000 	C:\Windows\System32\msvcp_win.dll
0x00007ff87b330000 - 0x00007ff87b3ce000 	C:\Windows\System32\msvcrt.dll
0x00007ff87ab00000 - 0x00007ff87ae21000 	C:\Windows\System32\combase.dll
0x00007ff87aee0000 - 0x00007ff87b004000 	C:\Windows\System32\RPCRT4.dll
0x00007ff878700000 - 0x00007ff878779000 	C:\Windows\System32\bcryptPrimitives.dll
0x00007ff8788b0000 - 0x00007ff8788dd000 	C:\Windows\System32\IMM32.DLL
0x00007ff861a30000 - 0x00007ff861a3c000 	C:\a01_javaexp\jdk-15\bin\vcruntime140_1.dll
0x00007ff86bcc0000 - 0x00007ff86bd51000 	C:\a01_javaexp\jdk-15\bin\msvcp140.dll
0x00007ff8080c0000 - 0x00007ff808c1c000 	C:\a01_javaexp\jdk-15\bin\server\jvm.dll
0x00007ff87ae30000 - 0x00007ff87aed1000 	C:\Windows\System32\ADVAPI32.dll
0x00007ff87b2d0000 - 0x00007ff87b32b000 	C:\Windows\System32\sechost.dll
0x00007ff87a820000 - 0x00007ff87a828000 	C:\Windows\System32\PSAPI.DLL
0x00007ff861ac0000 - 0x00007ff861ac9000 	C:\Windows\SYSTEM32\WSOCK32.dll
0x00007ff874dd0000 - 0x00007ff874df3000 	C:\Windows\SYSTEM32\WINMM.dll
0x00007ff87b1a0000 - 0x00007ff87b20c000 	C:\Windows\System32\WS2_32.dll
0x00007ff870920000 - 0x00007ff87092a000 	C:\Windows\SYSTEM32\VERSION.dll
0x00007ff86f6d0000 - 0x00007ff86f6fa000 	C:\Windows\SYSTEM32\winmmbase.dll
0x00007ff8777c0000 - 0x00007ff877809000 	C:\Windows\System32\cfgmgr32.dll
0x00007ff877780000 - 0x00007ff877791000 	C:\Windows\System32\kernel.appcore.dll
0x00007ff860cc0000 - 0x00007ff860cca000 	C:\a01_javaexp\jdk-15\bin\jimage.dll
0x00007ff8720b0000 - 0x00007ff872279000 	C:\Windows\SYSTEM32\DBGHELP.DLL
0x00007ff872080000 - 0x00007ff8720a9000 	C:\Windows\SYSTEM32\dbgcore.DLL
0x00007ff870700000 - 0x00007ff870739000 	C:\a01_javaexp\jdk-15\bin\jdwp.dll
0x00007ff871ba0000 - 0x00007ff871bae000 	C:\a01_javaexp\jdk-15\bin\instrument.dll
0x00007ff84dbc0000 - 0x00007ff84dbe5000 	C:\a01_javaexp\jdk-15\bin\java.dll
0x00007ff878f60000 - 0x00007ff87a3a5000 	C:\Windows\System32\SHELL32.dll
0x00007ff87aa50000 - 0x00007ff87aaf9000 	C:\Windows\System32\shcore.dll
0x00007ff877de0000 - 0x00007ff8784f0000 	C:\Windows\System32\windows.storage.dll
0x00007ff87b270000 - 0x00007ff87b2c1000 	C:\Windows\System32\shlwapi.dll
0x00007ff877750000 - 0x00007ff87776f000 	C:\Windows\System32\profapi.dll
0x00007ff877700000 - 0x00007ff87774c000 	C:\Windows\System32\powrprof.dll
0x00007ff877770000 - 0x00007ff87777a000 	C:\Windows\System32\FLTLIB.DLL
0x00007ff8713f0000 - 0x00007ff8713fb000 	C:\a01_javaexp\jdk-15\bin\dt_socket.dll
0x00007ff876c70000 - 0x00007ff876ca8000 	C:\Windows\SYSTEM32\IPHLPAPI.DLL
0x00007ff876f20000 - 0x00007ff876f86000 	C:\Windows\system32\mswsock.dll
0x00007ff876cf0000 - 0x00007ff876dae000 	C:\Windows\SYSTEM32\DNSAPI.dll
0x00007ff87a540000 - 0x00007ff87a548000 	C:\Windows\System32\NSI.dll
0x00007ff872f00000 - 0x00007ff872f0a000 	C:\Windows\System32\rasadhlp.dll
0x00007ff8733a0000 - 0x00007ff873412000 	C:\Windows\System32\fwpuclnt.dll
0x00007ff877260000 - 0x00007ff877285000 	C:\Windows\SYSTEM32\bcrypt.dll
0x00007ff837ab0000 - 0x00007ff837ac8000 	C:\a01_javaexp\jdk-15\bin\zip.dll
0x00007ff846b60000 - 0x00007ff846b79000 	C:\a01_javaexp\jdk-15\bin\net.dll
0x00007ff873b70000 - 0x00007ff873c4d000 	C:\Windows\SYSTEM32\WINHTTP.dll
0x00007ff83abe0000 - 0x00007ff83abf2000 	C:\a01_javaexp\jdk-15\bin\nio.dll
0x00007ff860af0000 - 0x00007ff860b00000 	C:\a01_javaexp\jdk-15\bin\verify.dll

dbghelp: loaded successfully - version: 4.0.5 - missing functions: none
symbol engine: initialized successfully - sym options: 0x614 - pdb path: .;C:\a01_javaexp\jdk-15\bin;C:\Windows\SYSTEM32;C:\Windows\WinSxS\amd64_microsoft.windows.common-controls_6595b64144ccf1df_6.0.17134.1304_none_d3fbe61b7c93d9f0;C:\a01_javaexp\jdk-15\bin\server

VM Arguments:
jvm_args: -XX:+ShowCodeDetailsInExceptionMessages -agentlib:jdwp=transport=dt_socket,suspend=y,address=localhost:50214 -javaagent:C:\a01_javaexp\eclipse\configuration\org.eclipse.osgi\407\0\.cp\lib\javaagent-shaded.jar -Dfile.encoding=UTF-8 
java_command: javaexp.a01_begin.A01_Start
java_class_path (initial): C:\a01_javaexp\workspace\javaexp\bin
Launcher Type: SUN_STANDARD

[Global flags]
     intx CICompilerCount                          = 4                                         {product} {ergonomic}
     uint ConcGCThreads                            = 3                                         {product} {ergonomic}
     uint G1ConcRefinementThreads                  = 10                                        {product} {ergonomic}
   size_t G1HeapRegionSize                         = 2097152                                   {product} {ergonomic}
    uintx GCDrainStackTargetSize                   = 64                                        {product} {ergonomic}
   size_t InitialHeapSize                          = 268435456                                 {product} {ergonomic}
   size_t MarkStackSize                            = 4194304                                   {product} {ergonomic}
   size_t MaxHeapSize                              = 4267704320                                {product} {ergonomic}
   size_t MaxNewSize                               = 2560622592                                {product} {ergonomic}
   size_t MinHeapDeltaBytes                        = 2097152                                   {product} {ergonomic}
   size_t MinHeapSize                              = 8388608                                   {product} {ergonomic}
    uintx NonNMethodCodeHeapSize                   = 5839372                                {pd product} {ergonomic}
    uintx NonProfiledCodeHeapSize                  = 122909434                              {pd product} {ergonomic}
    uintx ProfiledCodeHeapSize                     = 122909434                              {pd product} {ergonomic}
    uintx ReservedCodeCacheSize                    = 251658240                              {pd product} {ergonomic}
     bool SegmentedCodeCache                       = true                                      {product} {ergonomic}
     bool ShowCodeDetailsInExceptionMessages       = true                                   {manageable} {command line}
   size_t SoftMaxHeapSize                          = 4267704320                             {manageable} {ergonomic}
     bool UseCompressedClassPointers               = true                                 {lp64_product} {ergonomic}
     bool UseCompressedOops                        = true                                 {lp64_product} {ergonomic}
     bool UseG1GC                                  = true                                      {product} {ergonomic}
     bool UseLargePagesIndividualAllocation        = false                                  {pd product} {ergonomic}

Logging:
Log output configuration:
 #0: stdout all=warning uptime,level,tags
 #1: stderr all=off uptime,level,tags

Environment Variables:
PATH=c:/a01_javaexp/jdk-15/bin/server;c:/a01_javaexp/jdk-15/bin;C:\Program Files (x86)\Intel\Intel(R) Management Engine Components\iCLS\;C:\Program Files\Intel\Intel(R) Management Engine Components\iCLS\;C:\Windows\system32;C:\Windows;C:\Windows\System32\Wbem;C:\Windows\System32\WindowsPowerShell\v1.0\;C:\Windows\System32\OpenSSH\;C:\Program Files (x86)\Intel\Intel(R) Management Engine Components\DAL;C:\Program Files\Intel\Intel(R) Management Engine Components\DAL;C:\Program Files (x86)\Intel\Intel(R) Management Engine Components\IPT;C:\Program Files\Intel\Intel(R) Management Engine Components\IPT;c:\a01_javaexp\jdk-15\bin\;C:\Users\SIST\AppData\Local\Microsoft\WindowsApps;C:\Users\SIST\AppData\Local\Programs\Microsoft VS Code\bin;c:\a01_javaexp\eclipse;
USERNAME=SIST
OS=Windows_NT
PROCESSOR_IDENTIFIER=Intel64 Family 6 Model 158 Stepping 10, GenuineIntel



---------------  S Y S T E M  ---------------

OS:
 Windows 10 , 64 bit Build 17134 (10.0.17134.753)
OS uptime: 4 days 19:03 hours

CPU: total 12 (initial active 12) (6 cores per cpu, 2 threads per core) family 6 model 158 stepping 10, cmov, cx8, fxsr, mmx, sse, sse2, sse3, ssse3, sse4.1, sse4.2, popcnt, vzeroupper, avx, avx2, aes, clmul, erms, rtm, 3dnowpref, lzcnt, ht, tsc, tscinvbit, bmi1, bmi2, adx, fma, clflush, clflushopt

Memory: 4k page, system-wide physical 16278M (8075M free)
TotalPageFile size 19222M (AvailPageFile size 5031M)
current process WorkingSet (physical memory assigned to process): 30M, peak: 43M
current process commit charge ("private bytes"): 353M, peak: 355M

vm_info: OpenJDK 64-Bit Server VM (15+36-1562) for windows-amd64 JRE (15+36-1562), built on Aug 11 2020 22:33:04 by "mach5one" with unknown MS VC++:1925

END.
